Arguments: 
  /opt/homebrew/Cellar/node/16.6.2/bin/node /opt/homebrew/Cellar/yarn/1.22.11/libexec/bin/yarn.js

PATH: 
  /usr/local/bin:/Users/kevinlu/.fig/bin:/usr/local/bin:/usr/bin:/bin:/usr/sbin:/sbin:/opt/homebrew/bin:/opt/homebrew/bin

Yarn version: 
  1.22.11

Node version: 
  16.6.2

Platform: 
  darwin arm64

Trace: 
  SyntaxError: /Users/kevinlu/code/insight/package.json: Unexpected token / in JSON at position 127
      at JSON.parse (<anonymous>)
      at /opt/homebrew/Cellar/yarn/1.22.11/libexec/lib/cli.js:1625:59
      at Generator.next (<anonymous>)
      at step (/opt/homebrew/Cellar/yarn/1.22.11/libexec/lib/cli.js:310:30)
      at /opt/homebrew/Cellar/yarn/1.22.11/libexec/lib/cli.js:321:13

npm manifest: 
  {
    "name": "insight",
    "private": true,
    "workspaces": {
      "packages": [
        "packages/*"
      ],
      "nohoist": [
        // "**/**"
      ]
    },
    "scripts": {
      "diff": "lerna diff",
      "new-version": "lerna version --conventional-commits --yes"
    },
    "devDependencies": {
      "lerna": "^4.0.0"
    }
  }

yarn manifest: 
  No manifest

Lockfile: 
  No lockfile
